1559236975174|Le topic A a ete cree.
1559236975178|Le topic B a ete cree.
1559236975202|Le topic C a ete cree.
1559236976083|b4cac527-905c-4026-8a7a-68ce8cf89914 souscrit au topic A
1559236976085|d1f10d5c-7c83-4a70-adf1-a3d8a491bea8 souscrit au topic A
1559236976093|b93102a0-2408-4e7a-a31e-05bf336a5e7c souscrit au topic A
1559236976108|81ccc6d5-57cd-4162-b1f6-284b91aa8b42 souscrit au topic A
1559236976121|7c68935e-4935-4e57-95bd-b3ff8980a56e souscrit au topic A
1559236977137|Courtier envoi message a b4cac527-905c-4026-8a7a-68ce8cf89914: 
 Message numero 0. - publie par laurie, date: 1559236977134
1559236977141|Courtier envoi message a d1f10d5c-7c83-4a70-adf1-a3d8a491bea8: 
 Message numero 0. - publie par laurie, date: 1559236977134
1559236977143|Courtier envoi message a b93102a0-2408-4e7a-a31e-05bf336a5e7c: 
 Message numero 0. - publie par laurie, date: 1559236977134
1559236977148|Courtier envoi message a 81ccc6d5-57cd-4162-b1f6-284b91aa8b42: 
 Message numero 0. - publie par laurie, date: 1559236977134
1559236977155|Courtier envoi message a 7c68935e-4935-4e57-95bd-b3ff8980a56e: 
 Message numero 0. - publie par laurie, date: 1559236977134
1559236977158|Courtier envoi message a b4cac527-905c-4026-8a7a-68ce8cf89914: 
 Message numero 0. - publie par laurie, date: 1559236977132
1559236977165|Courtier envoi message a d1f10d5c-7c83-4a70-adf1-a3d8a491bea8: 
 Message numero 0. - publie par laurie, date: 1559236977132
1559236977168|Courtier envoi message a b93102a0-2408-4e7a-a31e-05bf336a5e7c: 
 Message numero 0. - publie par laurie, date: 1559236977132
1559236977171|Courtier envoi message a 81ccc6d5-57cd-4162-b1f6-284b91aa8b42: 
 Message numero 0. - publie par laurie, date: 1559236977132
1559236977178|Courtier envoi message a 7c68935e-4935-4e57-95bd-b3ff8980a56e: 
 Message numero 0. - publie par laurie, date: 1559236977132
1559236977181|Courtier envoi message a b4cac527-905c-4026-8a7a-68ce8cf89914: 
 Message numero 0. - publie par laurie, date: 1559236977133
1559236977182|Courtier envoi message a d1f10d5c-7c83-4a70-adf1-a3d8a491bea8: 
 Message numero 0. - publie par laurie, date: 1559236977133
1559236977184|Courtier envoi message a b93102a0-2408-4e7a-a31e-05bf336a5e7c: 
 Message numero 0. - publie par laurie, date: 1559236977133
1559236977185|Courtier envoi message a 81ccc6d5-57cd-4162-b1f6-284b91aa8b42: 
 Message numero 0. - publie par laurie, date: 1559236977133
1559236977188|Courtier envoi message a 7c68935e-4935-4e57-95bd-b3ff8980a56e: 
 Message numero 0. - publie par laurie, date: 1559236977133
1559236977189|Courtier envoi message a b4cac527-905c-4026-8a7a-68ce8cf89914: 
 Message numero 0. - publie par laurie, date: 1559236977135
1559236977190|Courtier envoi message a d1f10d5c-7c83-4a70-adf1-a3d8a491bea8: 
 Message numero 0. - publie par laurie, date: 1559236977135
1559236977192|Courtier envoi message a b93102a0-2408-4e7a-a31e-05bf336a5e7c: 
 Message numero 0. - publie par laurie, date: 1559236977135
1559236977192|Courtier envoi message a 81ccc6d5-57cd-4162-b1f6-284b91aa8b42: 
 Message numero 0. - publie par laurie, date: 1559236977135
1559236977193|Courtier envoi message a 7c68935e-4935-4e57-95bd-b3ff8980a56e: 
 Message numero 0. - publie par laurie, date: 1559236977135
1559236977194|Courtier envoi message a b4cac527-905c-4026-8a7a-68ce8cf89914: 
 Message numero 0. - publie par laurie, date: 1559236977132
1559236977195|Courtier envoi message a d1f10d5c-7c83-4a70-adf1-a3d8a491bea8: 
 Message numero 0. - publie par laurie, date: 1559236977132
1559236977197|Courtier envoi message a b93102a0-2408-4e7a-a31e-05bf336a5e7c: 
 Message numero 0. - publie par laurie, date: 1559236977132
1559236977198|Courtier envoi message a 81ccc6d5-57cd-4162-b1f6-284b91aa8b42: 
 Message numero 0. - publie par laurie, date: 1559236977132
1559236977223|Courtier envoi message a 7c68935e-4935-4e57-95bd-b3ff8980a56e: 
 Message numero 0. - publie par laurie, date: 1559236977132
1559236977224|Courtier envoi message a b4cac527-905c-4026-8a7a-68ce8cf89914: 
 Message numero 0. - publie par laurie, date: 1559236977133
1559236977225|Courtier envoi message a d1f10d5c-7c83-4a70-adf1-a3d8a491bea8: 
 Message numero 0. - publie par laurie, date: 1559236977133
1559236977225|Courtier envoi message a b93102a0-2408-4e7a-a31e-05bf336a5e7c: 
 Message numero 0. - publie par laurie, date: 1559236977133
1559236977226|Courtier envoi message a 81ccc6d5-57cd-4162-b1f6-284b91aa8b42: 
 Message numero 0. - publie par laurie, date: 1559236977133
1559236977227|Courtier envoi message a 7c68935e-4935-4e57-95bd-b3ff8980a56e: 
 Message numero 0. - publie par laurie, date: 1559236977133
1559236977228|Courtier envoi message a b4cac527-905c-4026-8a7a-68ce8cf89914: 
 Message numero 0. - publie par laurie, date: 1559236977132
1559236977228|Courtier envoi message a d1f10d5c-7c83-4a70-adf1-a3d8a491bea8: 
 Message numero 0. - publie par laurie, date: 1559236977132
1559236977229|Courtier envoi message a b93102a0-2408-4e7a-a31e-05bf336a5e7c: 
 Message numero 0. - publie par laurie, date: 1559236977132
1559236977230|Courtier envoi message a 81ccc6d5-57cd-4162-b1f6-284b91aa8b42: 
 Message numero 0. - publie par laurie, date: 1559236977132
1559236977230|Courtier envoi message a 7c68935e-4935-4e57-95bd-b3ff8980a56e: 
 Message numero 0. - publie par laurie, date: 1559236977132
1559236977231|Courtier envoi message a b4cac527-905c-4026-8a7a-68ce8cf89914: 
 Message numero 0. - publie par laurie, date: 1559236977133
1559236977232|Courtier envoi message a d1f10d5c-7c83-4a70-adf1-a3d8a491bea8: 
 Message numero 0. - publie par laurie, date: 1559236977133
1559236977233|Courtier envoi message a b93102a0-2408-4e7a-a31e-05bf336a5e7c: 
 Message numero 0. - publie par laurie, date: 1559236977133
1559236977233|Courtier envoi message a 81ccc6d5-57cd-4162-b1f6-284b91aa8b42: 
 Message numero 0. - publie par laurie, date: 1559236977133
1559236977234|Courtier envoi message a 7c68935e-4935-4e57-95bd-b3ff8980a56e: 
 Message numero 0. - publie par laurie, date: 1559236977133
1559236977234|Courtier envoi message a b4cac527-905c-4026-8a7a-68ce8cf89914: 
 Message numero 0. - publie par laurie, date: 1559236977136
1559236977238|Courtier envoi message a d1f10d5c-7c83-4a70-adf1-a3d8a491bea8: 
 Message numero 0. - publie par laurie, date: 1559236977136
1559236977239|Courtier envoi message a b93102a0-2408-4e7a-a31e-05bf336a5e7c: 
 Message numero 0. - publie par laurie, date: 1559236977136
1559236977240|Courtier envoi message a 81ccc6d5-57cd-4162-b1f6-284b91aa8b42: 
 Message numero 0. - publie par laurie, date: 1559236977136
1559236977240|Courtier envoi message a 7c68935e-4935-4e57-95bd-b3ff8980a56e: 
 Message numero 0. - publie par laurie, date: 1559236977136
1559236977243|Courtier envoi message a b4cac527-905c-4026-8a7a-68ce8cf89914: 
 Message numero 0. - publie par laurie, date: 1559236977155
1559236977244|Courtier envoi message a d1f10d5c-7c83-4a70-adf1-a3d8a491bea8: 
 Message numero 0. - publie par laurie, date: 1559236977155
1559236977245|Courtier envoi message a b93102a0-2408-4e7a-a31e-05bf336a5e7c: 
 Message numero 0. - publie par laurie, date: 1559236977155
1559236977246|Courtier envoi message a 81ccc6d5-57cd-4162-b1f6-284b91aa8b42: 
 Message numero 0. - publie par laurie, date: 1559236977155
1559236977247|Courtier envoi message a 7c68935e-4935-4e57-95bd-b3ff8980a56e: 
 Message numero 0. - publie par laurie, date: 1559236977155
